<?xml version="1.0" encoding="UTF-8"?>
<!-- Generated by org.testng.reporters.JUnitReportReporter -->
<testsuite skipped="2" hostname="HARSHITH-PC" name="insuaranceCalc_Motorcycle.ErrorTests_motorcycle" tests="3" failures="0" timestamp="2021-07-13T19:58:02 IST" time="32.387" errors="0">
  <testcase name="verifyModelDropdownOptions" time="32.387" classname="insuaranceCalc_Motorcycle.ErrorTests_motorcycle"/>
  <system-out/>
  <testcase name="errorMesssage_cylinderField" classname="insuaranceCalc_Motorcycle.ErrorTests_motorcycle">
    <skipped/>
  </testcase> <!-- errorMesssage_cylinderField -->
  <system-out/>
  <testcase name="errorMesssage_cylinderField1" classname="insuaranceCalc_Motorcycle.ErrorTests_motorcycle">
    <skipped/>
  </testcase> <!-- errorMesssage_cylinderField1 -->
  <system-out/>
</testsuite> <!-- insuaranceCalc_Motorcycle.ErrorTests_motorcycle -->
